<?xml version="1.0" encoding="UTF-8"?>
<!-- Generated by org.testng.reporters.JUnitReportReporter -->
<testsuite hostname="DESKTOP-320Q1I8" name="com.talentech.selenium1.Problem4" tests="2" failures="0" timestamp="21 Apr 2017 01:53:51 GMT" time="19.575" errors="0">
  <testcase name="TestTrackbyReference" time="8.045" classname="com.talentech.selenium1.Problem4"/>
  <testcase name="TestTrackbyNumber" time="11.530" classname="com.talentech.selenium1.Problem4"/>
</testsuite> <!-- com.talentech.selenium1.Problem4 -->
