<?xml version="1.0" encoding="UTF-8"?>
<!-- Generated by org.testng.reporters.JUnitReportReporter -->
<testsuite hostname="DESKTOP-320Q1I8" name="com.talentech.selenium1.Problem2" tests="1" failures="0" timestamp="20 Apr 2017 21:04:49 GMT" time="10.460" errors="0">
  <testcase name="Test2" time="10.460" classname="com.talentech.selenium1.Problem2"/>
</testsuite> <!-- com.talentech.selenium1.Problem2 -->
