<?xml version="1.0" encoding="UTF-8"?>
<!-- Generated by org.testng.reporters.JUnitReportReporter -->
<testsuite hostname="DESKTOP-320Q1I8" name="com.talentech.selenium1.Problem1" tests="3" failures="0" timestamp="18 Apr 2017 07:05:10 GMT" time="73.531" errors="0">
  <testcase name="TestC" time="5.854" classname="com.talentech.selenium1.Problem1"/>
  <testcase name="TestB" time="4.997" classname="com.talentech.selenium1.Problem1"/>
  <testcase name="TestA" time="62.680" classname="com.talentech.selenium1.Problem1"/>
</testsuite> <!-- com.talentech.selenium1.Problem1 -->
